\BOOKMARK [1][-]{section.1}{\376\377\000C\000l\000a\000i\000m}{}% 1
\BOOKMARK [2][-]{subsection.1.1}{\376\377\000P\000r\000o\000p\000o\000s\000a\000l}{section.1}% 2
\BOOKMARK [2][-]{subsection.1.2}{\376\377\000M\000e\000e\000t\000i\000n\000g\000\040\000B\000a\000s\000e\000l\000i\000n\000e\000\040\000R\000e\000q\000u\000i\000r\000e\000m\000e\000n\000t\000s}{section.1}% 3
\BOOKMARK [2][-]{subsection.1.3}{\376\377\000F\000u\000l\000f\000i\000l\000l\000m\000e\000n\000t\000\040\000o\000f\000\040\000I\000n\000d\000i\000v\000i\000d\000u\000a\000l\000\040\000L\000e\000a\000r\000n\000i\000n\000g\000\040\000P\000l\000a\000n\000\040\000\050\000I\000L\000P\000\051\000\040\000R\000e\000v\000i\000s\000e\000d\000\040\000G\000o\000a\000l\000s\000\040\000f\000o\000r\000\040\000A}{section.1}% 4
\BOOKMARK [1][-]{section.2}{\376\377\000D\000i\000s\000c\000u\000s\000s\000i\000o\000n}{}% 5
\BOOKMARK [2][-]{subsection.2.1}{\376\377\000G\000o\000a\000l\000\040\000\043\0001}{section.2}% 6
\BOOKMARK [3][-]{subsubsection.2.1.1}{\376\377\000L\000e\000a\000r\000n\000i\000n\000g\000\040\000L\000a\000T\000e\000X\000\040\000\046\000\040\000W\000r\000i\000t\000i\000n\000g\000\040\000T\000e\000c\000h\000n\000i\000c\000a\000l\000\040\000D\000e\000l\000i\000v\000e\000r\000a\000b\000l\000e\000s\000\040\000i\000n\000\040\000C\000S\000C\000I\000\040\0004\0000\0001}{subsection.2.1}% 7
\BOOKMARK [3][-]{subsubsection.2.1.2}{\376\377\000I\000n\000d\000e\000p\000e\000n\000d\000e\000n\000t\000\040\000R\000e\000a\000d\000i\000n\000g}{subsection.2.1}% 8
\BOOKMARK [2][-]{subsection.2.2}{\376\377\000G\000o\000a\000l\000\040\000\043\0002}{section.2}% 9
\BOOKMARK [3][-]{subsubsection.2.2.1}{\376\377\000R\000e\000v\000i\000s\000i\000n\000g\000\040\000W\000o\000r\000k}{subsection.2.2}% 10
\BOOKMARK [2][-]{subsection.2.3}{\376\377\000G\000o\000a\000l\000\040\000\043\0003}{section.2}% 11
\BOOKMARK [3][-]{subsubsection.2.3.1}{\376\377\000L\000e\000a\000r\000n\000i\000n\000g\000\040\000A\000I\000\040\000C\000o\000d\000i\000n\000g\000\040\000T\000o\000o\000l\000s}{subsection.2.3}% 12
\BOOKMARK [3][-]{subsubsection.2.3.2}{\376\377\000R\000e\000d\000e\000s\000i\000g\000n\000i\000n\000g\000\040\000t\000h\000e\000\040\000P\000r\000a\000l\000u\000m\000e\000x\000\040\000W\000e\000b\000s\000i\000t\000e}{subsection.2.3}% 13
\BOOKMARK [3][-]{subsubsection.2.3.3}{\376\377\000T\000i\000m\000e\000\040\000M\000a\000n\000a\000g\000e\000m\000e\000n\000t\000\040\000\046\000\040\000P\000r\000o\000d\000u\000c\000t\000i\000v\000i\000t\000y\000\040\000H\000a\000b\000i\000t\000s}{subsection.2.3}% 14
\BOOKMARK [2][-]{subsection.2.4}{\376\377\000G\000o\000a\000l\000\040\000\043\0004}{section.2}% 15
\BOOKMARK [3][-]{subsubsection.2.4.1}{\376\377\000A\000c\000t\000i\000v\000e\000\040\000P\000a\000r\000t\000i\000c\000i\000p\000a\000t\000i\000o\000n\000\040\000i\000n\000\040\000C\000l\000a\000s\000s\000e\000s}{subsection.2.4}% 16
\BOOKMARK [2][-]{subsection.2.5}{\376\377\000G\000o\000a\000l\000\040\000\043\0005}{section.2}% 17
\BOOKMARK [3][-]{subsubsection.2.5.1}{\376\377\000F\000o\000l\000l\000o\000w\000i\000n\000g\000\040\000S\000o\000f\000t\000w\000a\000r\000e\000\040\000\046\000\040\000T\000e\000c\000h\000n\000o\000l\000o\000g\000y\000\040\000C\000o\000n\000t\000e\000n\000t}{subsection.2.5}% 18
\BOOKMARK [3][-]{subsubsection.2.5.2}{\376\377\000N\000T\000S\000B\000\040\000A\000r\000t\000i\000c\000l\000e\000s\000\040\000\046\000\040\000A\000v\000i\000a\000t\000i\000o\000n\000\040\000C\000r\000a\000s\000h\000\040\000I\000n\000v\000e\000s\000t\000i\000g\000a\000t\000i\000o\000n\000s}{subsection.2.5}% 19
\BOOKMARK [1][-]{section.3}{\376\377\000A\000p\000p\000e\000n\000d\000i\000x}{}% 20
\BOOKMARK [2][-]{subsection.3.1}{\376\377\000A\000p\000p\000e\000n\000d\000i\000x\000\040\000A\000:\000\040\000L\000a\000T\000e\000X\000\040\000D\000e\000l\000i\000v\000e\000r\000a\000b\000l\000e\000s\000\040\000\050\000C\000S\000C\000I\000\040\0004\0000\0001\000,\000\040\000D\000e\000l\000i\000v\000e\000r\000a\000b\000l\000e\000s\000\040\0001\000\040\000t\000h\000r\000o\000u\000g\000h\000\040\0004\000\051}{section.3}% 21
\BOOKMARK [3][-]{subsubsection.3.1.1}{\376\377\000D\000e\000l\000i\000v\000e\000r\000a\000b\000l\000e\000\040\0001}{subsection.3.1}% 22
\BOOKMARK [3][-]{subsubsection.3.1.2}{\376\377\000D\000e\000l\000i\000v\000e\000r\000a\000b\000l\000e\000\040\0002}{subsection.3.1}% 23
\BOOKMARK [3][-]{subsubsection.3.1.3}{\376\377\000D\000e\000l\000i\000v\000e\000r\000a\000b\000l\000e\000\040\0003}{subsection.3.1}% 24
\BOOKMARK [3][-]{subsubsection.3.1.4}{\376\377\000D\000e\000l\000i\000v\000e\000r\000a\000b\000l\000e\000\040\0004}{subsection.3.1}% 25
\BOOKMARK [3][-]{subsubsection.3.1.5}{\376\377\000D\000e\000l\000i\000v\000e\000r\000a\000b\000l\000e\000\040\0007}{subsection.3.1}% 26
\BOOKMARK [2][-]{subsection.3.2}{\376\377\000A\000p\000p\000e\000n\000d\000i\000x\000\040\000B\000:\000\040\000R\000e\000a\000d\000i\000n\000g\000\040\000L\000i\000s\000t\000\040\000\046\000\040\000S\000o\000u\000r\000c\000e\000s}{section.3}% 27
\BOOKMARK [3][-]{subsubsection.3.2.1}{\376\377\000B\000o\000o\000k\000s}{subsection.3.2}% 28
\BOOKMARK [4][-]{section*.22}{\376\377\000H\000o\000w\000\040\000t\000o\000\040\000L\000i\000e\000\040\000w\000i\000t\000h\000\040\000S\000t\000a\000t\000i\000s\000t\000i\000c\000s\000\040\000b\000y\000\040\000D\000a\000r\000r\000e\000l\000l\000\040\000H\000u\000f\000f}{subsubsection.3.2.1}% 29
\BOOKMARK [4][-]{section*.24}{\376\377\000T\000h\000e\000\040\000A\000n\000x\000i\000o\000u\000s\000\040\000G\000e\000n\000e\000r\000a\000t\000i\000o\000n\000\040\000b\000y\000\040\000J\000o\000n\000a\000t\000h\000a\000n\000\040\000H\000a\000i\000d\000t}{subsubsection.3.2.1}% 30
\BOOKMARK [2][-]{subsection.3.3}{\376\377\000A\000p\000p\000e\000n\000d\000i\000x\000\040\000C\000:\000\040\000M\000i\000c\000r\000o\000\040\000R\000e\000v\000i\000s\000i\000o\000n\000s\000\040\000o\000f\000\040\000W\000o\000r\000k}{section.3}% 31
\BOOKMARK [3][-]{subsubsection.3.3.1}{\376\377\000T\000e\000c\000h\000n\000i\000c\000a\000l\000\040\000D\000e\000s\000c\000r\000i\000p\000t\000i\000o\000n}{subsection.3.3}% 32
\BOOKMARK [3][-]{subsubsection.3.3.2}{\376\377\000S\000o\000c\000i\000a\000l\000\040\000I\000m\000p\000a\000c\000t\000\040\000o\000f\000\040\000E\000m\000e\000r\000g\000i\000n\000g\000\040\000T\000e\000c\000h\000n\000o\000l\000o\000g\000y\000\040\000\050\000S\000I\000o\000E\000T\000\051}{subsection.3.3}% 33
\BOOKMARK [3][-]{subsubsection.3.3.3}{\376\377\000I\000n\000c\000i\000d\000e\000n\000t\000\040\000R\000e\000p\000o\000r\000t}{subsection.3.3}% 34
\BOOKMARK [2][-]{subsection.3.4}{\376\377\000A\000p\000p\000e\000n\000d\000i\000x\000\040\000D\000:\000\040\000A\000I\000\040\000C\000o\000d\000i\000n\000g\000\040\000T\000o\000o\000l\000\040\000V\000i\000d\000e\000o\000s\000\040\000\046\000\040\000S\000o\000u\000r\000c\000e\000s}{section.3}% 35
\BOOKMARK [3][-]{subsubsection.3.4.1}{\376\377\000C\000l\000a\000u\000d\000e\000\040\000C\000o\000d\000e}{subsection.3.4}% 36
\BOOKMARK [3][-]{subsubsection.3.4.2}{\376\377\000C\000u\000r\000s\000o\000r}{subsection.3.4}% 37
\BOOKMARK [2][-]{subsection.3.5}{\376\377\000A\000p\000p\000e\000n\000d\000i\000x\000\040\000E\000:\000\040\000P\000r\000a\000l\000u\000m\000e\000x\000\040\000W\000e\000b\000s\000i\000t\000e\000\040\000S\000c\000r\000e\000e\000n\000s\000h\000o\000t\000s}{section.3}% 38
\BOOKMARK [3][-]{subsubsection.3.5.1}{\376\377\000E\000.\0001\000\040\040\024\000\040\000O\000r\000i\000g\000i\000n\000a\000l\000\040\000S\000i\000t\000e\000\040\000\050\000o\000l\000d\000.\000p\000r\000a\000l\000u\000m\000e\000x\000.\000c\000o\000m\000\051}{subsection.3.5}% 39
\BOOKMARK [3][-]{subsubsection.3.5.2}{\376\377\000E\000.\0002\000\040\040\024\000\040\000C\000u\000r\000r\000e\000n\000t\000\040\000S\000i\000t\000e\000\040\000\050\000p\000r\000a\000l\000u\000m\000e\000x\000.\000c\000o\000m\000\051}{subsection.3.5}% 40
\BOOKMARK [3][-]{subsubsection.3.5.3}{\376\377\000E\000.\0003\000\040\040\024\000\040\000B\000e\000t\000a\000\040\000S\000i\000t\000e\000\040\000\050\000b\000e\000t\000a\000.\000p\000r\000a\000l\000u\000m\000e\000x\000.\000c\000o\000m\000\051}{subsection.3.5}% 41
\BOOKMARK [2][-]{subsection.3.6}{\376\377\000A\000p\000p\000e\000n\000d\000i\000x\000\040\000F\000:\000\040\000F\000r\000o\000n\000t\000e\000n\000d\000\040\000D\000e\000s\000i\000g\000n\000\040\000\046\000\040\000U\000I\000/\000U\000X\000\040\000V\000i\000d\000e\000o\000s\000\040\000\046\000\040\000S\000o\000u\000r\000c\000e\000s}{section.3}% 42
\BOOKMARK [3][-]{subsubsection.3.6.1}{\376\377\000R\000e\000a\000c\000t\000\040\000U\000I\000\040\000L\000i\000b\000r\000a\000r\000i\000e\000s}{subsection.3.6}% 43
\BOOKMARK [2][-]{subsection.3.7}{\376\377\000A\000p\000p\000e\000n\000d\000i\000x\000\040\000G\000:\000\040\000T\000i\000m\000e\000\040\000M\000a\000n\000a\000g\000e\000m\000e\000n\000t\000\040\000\046\000\040\000P\000r\000o\000d\000u\000c\000t\000i\000v\000i\000t\000y\000\040\000H\000a\000b\000i\000t\000s\000\040\000S\000o\000u\000r\000c\000e\000s}{section.3}% 44
\BOOKMARK [3][-]{subsubsection.3.7.1}{\376\377\000V\000i\000d\000e\000o\000s\000\040\000\046\000\040\000A\000r\000t\000i\000c\000l\000e\000s}{subsection.3.7}% 45
\BOOKMARK [3][-]{subsubsection.3.7.2}{\376\377\000T\000i\000m\000e\000b\000o\000x\000i\000n\000g\000\040\000C\000a\000l\000e\000n\000d\000a\000r}{subsection.3.7}% 46
\BOOKMARK [2][-]{subsection.3.8}{\376\377\000A\000p\000p\000e\000n\000d\000i\000x\000\040\000H\000:\000\040\000F\000o\000l\000l\000o\000w\000i\000n\000g\000\040\000S\000o\000f\000t\000w\000a\000r\000e\000\040\000\046\000\040\000T\000e\000c\000h\000n\000o\000l\000o\000g\000y\000\040\000C\000o\000n\000t\000e\000n\000t\000\040\000S\000o\000u\000r\000c\000e\000s}{section.3}% 47
\BOOKMARK [3][-]{subsubsection.3.8.1}{\376\377\000F\000i\000r\000e\000s\000h\000i\000p}{subsection.3.8}% 48
\BOOKMARK [3][-]{subsubsection.3.8.2}{\376\377\000M\000i\000s\000c\000e\000l\000l\000a\000n\000e\000o\000u\000s}{subsection.3.8}% 49
\BOOKMARK [2][-]{subsection.3.9}{\376\377\000A\000p\000p\000e\000n\000d\000i\000x\000\040\000I\000:\000\040\000A\000v\000i\000a\000t\000i\000o\000n\000\040\000S\000o\000u\000r\000c\000e\000s}{section.3}% 50
\BOOKMARK [3][-]{subsubsection.3.9.1}{\376\377\000P\000i\000l\000o\000t\000\040\000D\000e\000b\000r\000i\000e\000f}{subsection.3.9}% 51
\BOOKMARK [3][-]{subsubsection.3.9.2}{\376\377\000N\000a\000t\000i\000o\000n\000a\000l\000\040\000T\000r\000a\000n\000s\000p\000o\000r\000t\000a\000t\000i\000o\000n\000\040\000S\000a\000f\000e\000t\000y\000\040\000B\000o\000a\000r\000d\000\040\000\050\000N\000T\000S\000B\000\051}{subsection.3.9}% 52
